Performing C SOURCE FILE Test CMAKE_HAVE_LIBC_PTHREAD failed with the following output:
Change Dir: C:/Users/bminj/OneDrive/Desktop/surface-simplification/build/CMakeFiles/CMakeScratch/TryCompile-288off

Run Build Command(s):C:/Program Files/Microsoft Visual Studio/2022/Preview/MSBuild/Current/Bin/amd64/MSBuild.exe cmTC_4deed.vcxproj /p:Configuration=Debug /p:Platform=x64 /p:VisualStudioVersion=17.0 /v:m && MSBuild version 17.5.0-preview-22525-01+3b7246b65 for .NET Framework
  Microsoft (R) C/C++ Optimizing Compiler Version 19.35.32019 for x64
  src.c
  Copyright (C) Microsoft Corporation.  All rights reserved.
  cl /c /Zi /W1 /WX- /diagnostics:column /Od /Ob0 /D _MBCS /D WIN32 /D _WINDOWS /D CMAKE_HAVE_LIBC_PTHREAD /D "CMAKE_INTDIR=\"Debug\"" /Gm- /RTC1 /MDd /GS /fp:precise /Zc:wchar_t /Zc:forScope /Zc:inline /Fo"cmTC_4deed.dir\Debug\\" /Fd"cmTC_4deed.dir\Debug\vc143.pdb" /external:W1 /Gd /TC /errorReport:queue "C:\Users\bminj\OneDrive\Desktop\surface-simplification\build\CMakeFiles\CMakeScratch\TryCompile-288off\src.c"
C:\Users\bminj\OneDrive\Desktop\surface-simplification\build\CMakeFiles\CMakeScratch\TryCompile-288off\src.c(1,10): fatal  error C1083: Cannot open include file: 'pthread.h': No such file or directory [C:\Users\bminj\OneDrive\Desktop\surface-simplification\build\CMakeFiles\CMakeScratch\TryCompile-288off\cmTC_4deed.vcxproj]


Source file was:
#include <pthread.h>

static void* test_func(void* data)
{
  return data;
}

int main(void)
{
  pthread_t thread;
  pthread_create(&thread, NULL, test_func, NULL);
  pthread_detach(thread);
  pthread_cancel(thread);
  pthread_join(thread, NULL);
  pthread_atfork(NULL, NULL, NULL);
  pthread_exit(NULL);

  return 0;
}


Determining if the function pthread_create exists in the pthreads failed with the following output:
Change Dir: C:/Users/bminj/OneDrive/Desktop/surface-simplification/build/CMakeFiles/CMakeScratch/TryCompile-m92edp

Run Build Command(s):C:/Program Files/Microsoft Visual Studio/2022/Preview/MSBuild/Current/Bin/amd64/MSBuild.exe cmTC_e1b78.vcxproj /p:Configuration=Debug /p:Platform=x64 /p:VisualStudioVersion=17.0 /v:m && MSBuild version 17.5.0-preview-22525-01+3b7246b65 for .NET Framework
  Microsoft (R) C/C++ Optimizing Compiler Version 19.35.32019 for x64
  CheckFunctionExists.c
  Copyright (C) Microsoft Corporation.  All rights reserved.
  cl /c /Zi /W1 /WX- /diagnostics:column /Od /Ob0 /D _MBCS /D WIN32 /D _WINDOWS /D CHECK_FUNCTION_EXISTS=pthread_create /D "CMAKE_INTDIR=\"Debug\"" /Gm- /RTC1 /MDd /GS /fp:precise /Zc:wchar_t /Zc:forScope /Zc:inline /Fo"cmTC_e1b78.dir\Debug\\" /Fd"cmTC_e1b78.dir\Debug\vc143.pdb" /external:W1 /Gd /TC /errorReport:queue "C:\Users\bminj\OneDrive\Desktop\surface-simplification\build\CMakeFiles\CMakeScratch\TryCompile-m92edp\CheckFunctionExists.c"
LINK : fatal error LNK1104: cannot open file 'pthreads.lib' [C:\Users\bminj\OneDrive\Desktop\surface-simplification\build\CMakeFiles\CMakeScratch\TryCompile-m92edp\cmTC_e1b78.vcxproj]



Determining if the function pthread_create exists in the pthread failed with the following output:
Change Dir: C:/Users/bminj/OneDrive/Desktop/surface-simplification/build/CMakeFiles/CMakeScratch/TryCompile-4msv6y

Run Build Command(s):C:/Program Files/Microsoft Visual Studio/2022/Preview/MSBuild/Current/Bin/amd64/MSBuild.exe cmTC_45522.vcxproj /p:Configuration=Debug /p:Platform=x64 /p:VisualStudioVersion=17.0 /v:m && MSBuild version 17.5.0-preview-22525-01+3b7246b65 for .NET Framework
  Microsoft (R) C/C++ Optimizing Compiler Version 19.35.32019 for x64
  CheckFunctionExists.c
  Copyright (C) Microsoft Corporation.  All rights reserved.
  cl /c /Zi /W1 /WX- /diagnostics:column /Od /Ob0 /D _MBCS /D WIN32 /D _WINDOWS /D CHECK_FUNCTION_EXISTS=pthread_create /D "CMAKE_INTDIR=\"Debug\"" /Gm- /RTC1 /MDd /GS /fp:precise /Zc:wchar_t /Zc:forScope /Zc:inline /Fo"cmTC_45522.dir\Debug\\" /Fd"cmTC_45522.dir\Debug\vc143.pdb" /external:W1 /Gd /TC /errorReport:queue "C:\Users\bminj\OneDrive\Desktop\surface-simplification\build\CMakeFiles\CMakeScratch\TryCompile-4msv6y\CheckFunctionExists.c"
LINK : fatal error LNK1104: cannot open file 'pthread.lib' [C:\Users\bminj\OneDrive\Desktop\surface-simplification\build\CMakeFiles\CMakeScratch\TryCompile-4msv6y\cmTC_45522.vcxproj]



